/home/ubuntu/Documents/2023-2A-T2-M8-P1/project_ws/controller_package/install/controller_package/lib/python3.10/site-packages/controller_package/__init__.py
/home/ubuntu/Documents/2023-2A-T2-M8-P1/project_ws/controller_package/install/controller_package/lib/python3.10/site-packages/controller_package/waypoint.py
/home/ubuntu/Documents/2023-2A-T2-M8-P1/project_ws/controller_package/install/controller_package/lib/python3.10/site-packages/controller_package/set_pose.py
/home/ubuntu/Documents/2023-2A-T2-M8-P1/project_ws/controller_package/install/controller_package/lib/python3.10/site-packages/controller_package/__pycache__/__init__.cpython-310.pyc
/home/ubuntu/Documents/2023-2A-T2-M8-P1/project_ws/controller_package/install/controller_package/lib/python3.10/site-packages/controller_package/__pycache__/waypoint.cpython-310.pyc
/home/ubuntu/Documents/2023-2A-T2-M8-P1/project_ws/controller_package/install/controller_package/lib/python3.10/site-packages/controller_package/__pycache__/set_pose.cpython-310.pyc
/home/ubuntu/Documents/2023-2A-T2-M8-P1/project_ws/controller_package/install/controller_package/share/ament_index/resource_index/packages/controller_package
/home/ubuntu/Documents/2023-2A-T2-M8-P1/project_ws/controller_package/install/controller_package/share/controller_package/package.xml
/home/ubuntu/Documents/2023-2A-T2-M8-P1/project_ws/controller_package/install/controller_package/share/controller_package/launch/navigation_launch.py
/home/ubuntu/Documents/2023-2A-T2-M8-P1/project_ws/controller_package/install/controller_package/share/controller_package/launch/mapping_launch.py
/home/ubuntu/Documents/2023-2A-T2-M8-P1/project_ws/controller_package/install/controller_package/share/controller_package/launch/navigation_launch.xml
/home/ubuntu/Documents/2023-2A-T2-M8-P1/project_ws/controller_package/install/controller_package/lib/python3.10/site-packages/controller_package-0.0.0-py3.10.egg-info/SOURCES.txt
/home/ubuntu/Documents/2023-2A-T2-M8-P1/project_ws/controller_package/install/controller_package/lib/python3.10/site-packages/controller_package-0.0.0-py3.10.egg-info/top_level.txt
/home/ubuntu/Documents/2023-2A-T2-M8-P1/project_ws/controller_package/install/controller_package/lib/python3.10/site-packages/controller_package-0.0.0-py3.10.egg-info/dependency_links.txt
/home/ubuntu/Documents/2023-2A-T2-M8-P1/project_ws/controller_package/install/controller_package/lib/python3.10/site-packages/controller_package-0.0.0-py3.10.egg-info/entry_points.txt
/home/ubuntu/Documents/2023-2A-T2-M8-P1/project_ws/controller_package/install/controller_package/lib/python3.10/site-packages/controller_package-0.0.0-py3.10.egg-info/zip-safe
/home/ubuntu/Documents/2023-2A-T2-M8-P1/project_ws/controller_package/install/controller_package/lib/python3.10/site-packages/controller_package-0.0.0-py3.10.egg-info/requires.txt
/home/ubuntu/Documents/2023-2A-T2-M8-P1/project_ws/controller_package/install/controller_package/lib/python3.10/site-packages/controller_package-0.0.0-py3.10.egg-info/PKG-INFO
/home/ubuntu/Documents/2023-2A-T2-M8-P1/project_ws/controller_package/install/controller_package/lib/controller_package/set_pose
/home/ubuntu/Documents/2023-2A-T2-M8-P1/project_ws/controller_package/install/controller_package/lib/controller_package/waypoint
